"2020-04-30 14-28-26 {restartedMain} %PARSER_ERROR[Level] com.example.demo.DemoApplication - Starting DemoApplication on DESKTOP-0SKG4BP with PID 5340 (C:\Users\EBRU\Project\scheduler-example\target\classes started by EBRU in C:\Users\EBRU\Project\scheduler-example)
""2020-04-30 14-28-26 {restartedMain} %PARSER_ERROR[Level] com.example.demo.DemoApplication - No active profile set, falling back to default profiles: default
""2020-04-30 14-28-26 {restartedMain} %PARSER_ERROR[Level] o.s.b.d.e.DevToolsPropertyDefaultsPostProcessor - Devtools property defaults active! Set 'spring.devtools.add-properties' to 'false' to disable
""2020-04-30 14-28-26 {restartedMain} %PARSER_ERROR[Level] o.s.b.d.e.DevToolsPropertyDefaultsPostProcessor - For additional web related logging consider setting the 'logging.level.web' property to 'DEBUG'
""2020-04-30 14-28-30 {restartedMain} %PARSER_ERROR[Level] o.s.b.w.e.tomcat.TomcatWebServer - Tomcat initialized with port(s): 8080 (http)
""2020-04-30 14-28-30 {restartedMain} %PARSER_ERROR[Level] o.a.catalina.core.StandardService - Starting service [Tomcat]
""2020-04-30 14-28-30 {restartedMain} %PARSER_ERROR[Level] o.a.catalina.core.StandardEngine - Starting Servlet engine: [Apache Tomcat/9.0.33]
""2020-04-30 14-28-30 {restartedMain} %PARSER_ERROR[Level] o.a.c.c.C.[Tomcat].[localhost].[/] - Initializing Spring embedded WebApplicationContext
""2020-04-30 14-28-30 {restartedMain} %PARSER_ERROR[Level] o.s.s.c.ThreadPoolTaskExecutor - Initializing ExecutorService 'applicationTaskExecutor'
""2020-04-30 14-28-31 {restartedMain} %PARSER_ERROR[Level] o.s.b.d.a.OptionalLiveReloadServer - LiveReload server is running on port 35729
""2020-04-30 14-28-31 {restartedMain} %PARSER_ERROR[Level] o.s.b.a.e.web.EndpointLinksResolver - Exposing 2 endpoint(s) beneath base path '/actuator'
""2020-04-30 14-28-31 {restartedMain} %PARSER_ERROR[Level] o.s.b.w.e.tomcat.TomcatWebServer - Tomcat started on port(s): 8080 (http) with context path ''
""2020-04-30 14-28-31 {restartedMain} %PARSER_ERROR[Level] com.example.demo.DemoApplication - Started DemoApplication in 7.047 seconds (JVM running for 10.5)
""2020-04-30 14-28-32 {RMI TCP Connection(1)-192.168.1.103} %PARSER_ERROR[Level] o.a.c.c.C.[Tomcat].[localhost].[/] - Initializing Spring DispatcherServlet 'dispatcherServlet'
""2020-04-30 14-40-03 {restartedMain} %PARSER_ERROR[Level] com.example.demo.DemoApplication - Starting DemoApplication on DESKTOP-0SKG4BP with PID 11528 (C:\Users\EBRU\Project\scheduler-example\target\classes started by EBRU in C:\Users\EBRU\Project\scheduler-example)
""2020-04-30 14-40-03 {restartedMain} %PARSER_ERROR[Level] com.example.demo.DemoApplication - No active profile set, falling back to default profiles: default
""2020-04-30 14-40-03 {restartedMain} %PARSER_ERROR[Level] o.s.b.d.e.DevToolsPropertyDefaultsPostProcessor - Devtools property defaults active! Set 'spring.devtools.add-properties' to 'false' to disable
""2020-04-30 14-40-03 {restartedMain} %PARSER_ERROR[Level] o.s.b.d.e.DevToolsPropertyDefaultsPostProcessor - For additional web related logging consider setting the 'logging.level.web' property to 'DEBUG'
""2020-04-30 14-40-05 {restartedMain} %PARSER_ERROR[Level] o.s.b.w.e.tomcat.TomcatWebServer - Tomcat initialized with port(s): 8080 (http)
""2020-04-30 14-40-05 {restartedMain} %PARSER_ERROR[Level] o.a.catalina.core.StandardService - Starting service [Tomcat]
""2020-04-30 14-40-05 {restartedMain} %PARSER_ERROR[Level] o.a.catalina.core.StandardEngine - Starting Servlet engine: [Apache Tomcat/9.0.33]
""2020-04-30 14-40-05 {restartedMain} %PARSER_ERROR[Level] o.a.c.c.C.[Tomcat].[localhost].[/] - Initializing Spring embedded WebApplicationContext
""2020-04-30 14-40-06 {restartedMain} %PARSER_ERROR[Level] o.s.s.c.ThreadPoolTaskExecutor - Initializing ExecutorService 'applicationTaskExecutor'
""2020-04-30 14-40-06 {restartedMain} %PARSER_ERROR[Level] o.s.b.d.a.OptionalLiveReloadServer - LiveReload server is running on port 35729
""2020-04-30 14-40-06 {restartedMain} %PARSER_ERROR[Level] o.s.b.a.e.web.EndpointLinksResolver - Exposing 2 endpoint(s) beneath base path '/actuator'
""2020-04-30 14-40-06 {restartedMain} %PARSER_ERROR[Level] o.s.b.w.e.tomcat.TomcatWebServer - Tomcat started on port(s): 8080 (http) with context path ''
""2020-04-30 14-40-06 {restartedMain} %PARSER_ERROR[Level] com.example.demo.DemoApplication - Started DemoApplication in 3.98 seconds (JVM running for 6.098)
""2020-04-30 14-40-07 {RMI TCP Connection(1)-192.168.1.103} %PARSER_ERROR[Level] o.a.c.c.C.[Tomcat].[localhost].[/] - Initializing Spring DispatcherServlet 'dispatcherServlet'
""2020-04-30 14-41-12 {Thread-11} %PARSER_ERROR[Level] o.s.s.c.ThreadPoolTaskExecutor - Shutting down ExecutorService 'applicationTaskExecutor'
""2020-04-30 14-41-13 {restartedMain} %PARSER_ERROR[Level] com.example.demo.DemoApplication - Starting DemoApplication on DESKTOP-0SKG4BP with PID 11528 (C:\Users\EBRU\Project\scheduler-example\target\classes started by EBRU in C:\Users\EBRU\Project\scheduler-example)
""2020-04-30 14-41-13 {restartedMain} %PARSER_ERROR[Level] com.example.demo.DemoApplication - No active profile set, falling back to default profiles: default
""2020-04-30 14-41-13 {restartedMain} %PARSER_ERROR[Level] o.s.b.w.e.tomcat.TomcatWebServer - Tomcat initialized with port(s): 8080 (http)
""2020-04-30 14-41-13 {restartedMain} %PARSER_ERROR[Level] o.a.catalina.core.StandardService - Starting service [Tomcat]
""2020-04-30 14-41-13 {restartedMain} %PARSER_ERROR[Level] o.a.catalina.core.StandardEngine - Starting Servlet engine: [Apache Tomcat/9.0.33]
""2020-04-30 14-41-13 {restartedMain} %PARSER_ERROR[Level] o.a.c.c.C.[Tomcat].[localhost].[/] - Initializing Spring embedded WebApplicationContext
""2020-04-30 14-41-14 {restartedMain} %PARSER_ERROR[Level] o.s.s.c.ThreadPoolTaskExecutor - Initializing ExecutorService 'applicationTaskExecutor'
""2020-04-30 14-41-14 {restartedMain} %PARSER_ERROR[Level] o.s.b.d.a.OptionalLiveReloadServer - LiveReload server is running on port 35729
""2020-04-30 14-41-14 {restartedMain} %PARSER_ERROR[Level] o.s.b.a.e.web.EndpointLinksResolver - Exposing 2 endpoint(s) beneath base path '/actuator'
""2020-04-30 14-41-14 {restartedMain} %PARSER_ERROR[Level] o.s.b.w.e.tomcat.TomcatWebServer - Tomcat started on port(s): 8080 (http) with context path ''
""2020-04-30 14-41-14 {restartedMain} %PARSER_ERROR[Level] com.example.demo.DemoApplication - Started DemoApplication in 0.631 seconds (JVM running for 73.565)
""2020-04-30 14-41-14 {restartedMain} %PARSER_ERROR[Level] o.s.b.d.a.ConditionEvaluationDeltaLoggingListener - Condition evaluation unchanged
""2020-04-30 14-42-09 {restartedMain} %PARSER_ERROR[Level] com.example.demo.DemoApplication - Starting DemoApplication on DESKTOP-0SKG4BP with PID 9828 (C:\Users\EBRU\Project\scheduler-example\target\classes started by EBRU in C:\Users\EBRU\Project\scheduler-example)
""2020-04-30 14-42-09 {restartedMain} %PARSER_ERROR[Level] com.example.demo.DemoApplication - No active profile set, falling back to default profiles: default
""2020-04-30 14-42-09 {restartedMain} %PARSER_ERROR[Level] o.s.b.d.e.DevToolsPropertyDefaultsPostProcessor - Devtools property defaults active! Set 'spring.devtools.add-properties' to 'false' to disable
""2020-04-30 14-42-09 {restartedMain} %PARSER_ERROR[Level] o.s.b.d.e.DevToolsPropertyDefaultsPostProcessor - For additional web related logging consider setting the 'logging.level.web' property to 'DEBUG'
""2020-04-30 14-42-11 {restartedMain} %PARSER_ERROR[Level] o.s.b.w.e.tomcat.TomcatWebServer - Tomcat initialized with port(s): 8080 (http)
""2020-04-30 14-42-11 {restartedMain} %PARSER_ERROR[Level] o.a.catalina.core.StandardService - Starting service [Tomcat]
""2020-04-30 14-42-11 {restartedMain} %PARSER_ERROR[Level] o.a.catalina.core.StandardEngine - Starting Servlet engine: [Apache Tomcat/9.0.33]
""2020-04-30 14-42-11 {restartedMain} %PARSER_ERROR[Level] o.a.c.c.C.[Tomcat].[localhost].[/] - Initializing Spring embedded WebApplicationContext
""2020-04-30 14-42-12 {restartedMain} %PARSER_ERROR[Level] o.s.s.c.ThreadPoolTaskExecutor - Initializing ExecutorService 'applicationTaskExecutor'
""2020-04-30 14-42-12 {restartedMain} %PARSER_ERROR[Level] o.s.b.d.a.OptionalLiveReloadServer - LiveReload server is running on port 35729
""2020-04-30 14-42-12 {restartedMain} %PARSER_ERROR[Level] o.s.b.a.e.web.EndpointLinksResolver - Exposing 2 endpoint(s) beneath base path '/actuator'
""2020-04-30 14-42-12 {restartedMain} %PARSER_ERROR[Level] o.s.b.w.e.tomcat.TomcatWebServer - Tomcat started on port(s): 8080 (http) with context path ''
""2020-04-30 14-42-12 {restartedMain} %PARSER_ERROR[Level] com.example.demo.DemoApplication - Started DemoApplication in 3.73 seconds (JVM running for 5.58)
""2020-04-30 14-42-13 {RMI TCP Connection(3)-192.168.1.103} %PARSER_ERROR[Level] o.a.c.c.C.[Tomcat].[localhost].[/] - Initializing Spring DispatcherServlet 'dispatcherServlet'
""2020-04-30 14-43-18 {Thread-11} %PARSER_ERROR[Level] o.s.s.c.ThreadPoolTaskExecutor - Shutting down ExecutorService 'applicationTaskExecutor'
""2020-04-30 14-43-19 {restartedMain} %PARSER_ERROR[Level] com.example.demo.DemoApplication - Starting DemoApplication on DESKTOP-0SKG4BP with PID 9828 (C:\Users\EBRU\Project\scheduler-example\target\classes started by EBRU in C:\Users\EBRU\Project\scheduler-example)
""2020-04-30 14-43-19 {restartedMain} %PARSER_ERROR[Level] com.example.demo.DemoApplication - No active profile set, falling back to default profiles: default
""2020-04-30 14-43-19 {restartedMain} %PARSER_ERROR[Level] o.s.b.w.e.tomcat.TomcatWebServer - Tomcat initialized with port(s): 8080 (http)
""2020-04-30 14-43-19 {restartedMain} %PARSER_ERROR[Level] o.a.catalina.core.StandardService - Starting service [Tomcat]
""2020-04-30 14-43-19 {restartedMain} %PARSER_ERROR[Level] o.a.catalina.core.StandardEngine - Starting Servlet engine: [Apache Tomcat/9.0.33]
""2020-04-30 14-43-19 {restartedMain} %PARSER_ERROR[Level] o.a.c.c.C.[Tomcat].[localhost].[/] - Initializing Spring embedded WebApplicationContext
""2020-04-30 14-43-19 {restartedMain} %PARSER_ERROR[Level] o.s.s.c.ThreadPoolTaskExecutor - Initializing ExecutorService 'applicationTaskExecutor'
""2020-04-30 14-43-19 {restartedMain} %PARSER_ERROR[Level] o.s.b.d.a.OptionalLiveReloadServer - LiveReload server is running on port 35729
""2020-04-30 14-43-19 {restartedMain} %PARSER_ERROR[Level] o.s.b.a.e.web.EndpointLinksResolver - Exposing 2 endpoint(s) beneath base path '/actuator'
""2020-04-30 14-43-19 {restartedMain} %PARSER_ERROR[Level] o.s.b.w.e.tomcat.TomcatWebServer - Tomcat started on port(s): 8080 (http) with context path ''
""2020-04-30 14-43-19 {restartedMain} %PARSER_ERROR[Level] com.example.demo.DemoApplication - Started DemoApplication in 0.649 seconds (JVM running for 72.735)
""2020-04-30 14-43-19 {restartedMain} %PARSER_ERROR[Level] o.s.b.d.a.ConditionEvaluationDeltaLoggingListener - Condition evaluation unchanged
""2020-04-30 14-45-14 {restartedMain} %PARSER_ERROR[Level] com.example.demo.DemoApplication - Starting DemoApplication on DESKTOP-0SKG4BP with PID 11140 (C:\Users\EBRU\Project\scheduler-example\target\classes started by EBRU in C:\Users\EBRU\Project\scheduler-example)
""2020-04-30 14-45-14 {restartedMain} %PARSER_ERROR[Level] com.example.demo.DemoApplication - No active profile set, falling back to default profiles: default
""2020-04-30 14-45-14 {restartedMain} %PARSER_ERROR[Level] o.s.b.d.e.DevToolsPropertyDefaultsPostProcessor - Devtools property defaults active! Set 'spring.devtools.add-properties' to 'false' to disable
""2020-04-30 14-45-14 {restartedMain} %PARSER_ERROR[Level] o.s.b.d.e.DevToolsPropertyDefaultsPostProcessor - For additional web related logging consider setting the 'logging.level.web' property to 'DEBUG'
""2020-04-30 14-45-16 {restartedMain} %PARSER_ERROR[Level] o.s.b.w.e.tomcat.TomcatWebServer - Tomcat initialized with port(s): 8080 (http)
""2020-04-30 14-45-16 {restartedMain} %PARSER_ERROR[Level] o.a.catalina.core.StandardService - Starting service [Tomcat]
""2020-04-30 14-45-16 {restartedMain} %PARSER_ERROR[Level] o.a.catalina.core.StandardEngine - Starting Servlet engine: [Apache Tomcat/9.0.33]
""2020-04-30 14-45-16 {restartedMain} %PARSER_ERROR[Level] o.a.c.c.C.[Tomcat].[localhost].[/] - Initializing Spring embedded WebApplicationContext
""2020-04-30 14-45-17 {restartedMain} %PARSER_ERROR[Level] o.s.s.c.ThreadPoolTaskExecutor - Initializing ExecutorService 'applicationTaskExecutor'
""2020-04-30 14-45-17 {restartedMain} %PARSER_ERROR[Level] o.s.b.d.a.OptionalLiveReloadServer - LiveReload server is running on port 35729
""2020-04-30 14-45-17 {restartedMain} %PARSER_ERROR[Level] o.s.b.a.e.web.EndpointLinksResolver - Exposing 2 endpoint(s) beneath base path '/actuator'
""2020-04-30 14-45-17 {restartedMain} %PARSER_ERROR[Level] o.s.b.w.e.tomcat.TomcatWebServer - Tomcat started on port(s): 8080 (http) with context path ''
""2020-04-30 14-45-17 {restartedMain} %PARSER_ERROR[Level] com.example.demo.DemoApplication - Started DemoApplication in 3.552 seconds (JVM running for 5.522)
""2020-04-30 14-45-18 {RMI TCP Connection(1)-192.168.1.103} %PARSER_ERROR[Level] o.a.c.c.C.[Tomcat].[localhost].[/] - Initializing Spring DispatcherServlet 'dispatcherServlet'
""2020-04-30 14-45-44 {restartedMain} %PARSER_ERROR[Level] com.example.demo.DemoApplication - Starting DemoApplication on DESKTOP-0SKG4BP with PID 11756 (C:\Users\EBRU\Project\scheduler-example\target\classes started by EBRU in C:\Users\EBRU\Project\scheduler-example)
""2020-04-30 14-45-44 {restartedMain} %PARSER_ERROR[Level] com.example.demo.DemoApplication - No active profile set, falling back to default profiles: default
""2020-04-30 14-45-44 {restartedMain} %PARSER_ERROR[Level] o.s.b.d.e.DevToolsPropertyDefaultsPostProcessor - Devtools property defaults active! Set 'spring.devtools.add-properties' to 'false' to disable
""2020-04-30 14-45-44 {restartedMain} %PARSER_ERROR[Level] o.s.b.d.e.DevToolsPropertyDefaultsPostProcessor - For additional web related logging consider setting the 'logging.level.web' property to 'DEBUG'
""2020-04-30 14-45-46 {restartedMain} %PARSER_ERROR[Level] o.s.b.w.e.tomcat.TomcatWebServer - Tomcat initialized with port(s): 8080 (http)
""2020-04-30 14-45-46 {restartedMain} %PARSER_ERROR[Level] o.a.catalina.core.StandardService - Starting service [Tomcat]
""2020-04-30 14-45-46 {restartedMain} %PARSER_ERROR[Level] o.a.catalina.core.StandardEngine - Starting Servlet engine: [Apache Tomcat/9.0.33]
""2020-04-30 14-45-46 {restartedMain} %PARSER_ERROR[Level] o.a.c.c.C.[Tomcat].[localhost].[/] - Initializing Spring embedded WebApplicationContext
""2020-04-30 14-45-47 {restartedMain} %PARSER_ERROR[Level] o.s.s.c.ThreadPoolTaskExecutor - Initializing ExecutorService 'applicationTaskExecutor'
""2020-04-30 14-45-47 {restartedMain} %PARSER_ERROR[Level] o.s.b.d.a.OptionalLiveReloadServer - LiveReload server is running on port 35729
""2020-04-30 14-45-47 {restartedMain} %PARSER_ERROR[Level] o.s.b.a.e.web.EndpointLinksResolver - Exposing 2 endpoint(s) beneath base path '/actuator'
""2020-04-30 14-45-47 {restartedMain} %PARSER_ERROR[Level] o.s.b.w.e.tomcat.TomcatWebServer - Tomcat started on port(s): 8080 (http) with context path ''
""2020-04-30 14-45-47 {restartedMain} %PARSER_ERROR[Level] com.example.demo.DemoApplication - Started DemoApplication in 3.808 seconds (JVM running for 5.655)
""2020-04-30 14-45-48 {RMI TCP Connection(2)-192.168.1.103} %PARSER_ERROR[Level] o.a.c.c.C.[Tomcat].[localhost].[/] - Initializing Spring DispatcherServlet 'dispatcherServlet'
""2020-04-30 14-46-19 {restartedMain} %PARSER_ERROR[Level] com.example.demo.DemoApplication - Starting DemoApplication on DESKTOP-0SKG4BP with PID 10368 (C:\Users\EBRU\Project\scheduler-example\target\classes started by EBRU in C:\Users\EBRU\Project\scheduler-example)
""2020-04-30 14-46-19 {restartedMain} %PARSER_ERROR[Level] com.example.demo.DemoApplication - No active profile set, falling back to default profiles: default
""2020-04-30 14-46-19 {restartedMain} %PARSER_ERROR[Level] o.s.b.d.e.DevToolsPropertyDefaultsPostProcessor - Devtools property defaults active! Set 'spring.devtools.add-properties' to 'false' to disable
""2020-04-30 14-46-19 {restartedMain} %PARSER_ERROR[Level] o.s.b.d.e.DevToolsPropertyDefaultsPostProcessor - For additional web related logging consider setting the 'logging.level.web' property to 'DEBUG'
""2020-04-30 14-46-23 {restartedMain} %PARSER_ERROR[Level] o.s.b.w.e.tomcat.TomcatWebServer - Tomcat initialized with port(s): 8080 (http)
""2020-04-30 14-46-23 {restartedMain} %PARSER_ERROR[Level] o.a.catalina.core.StandardService - Starting service [Tomcat]
""2020-04-30 14-46-23 {restartedMain} %PARSER_ERROR[Level] o.a.catalina.core.StandardEngine - Starting Servlet engine: [Apache Tomcat/9.0.33]
""2020-04-30 14-46-23 {restartedMain} %PARSER_ERROR[Level] o.a.c.c.C.[Tomcat].[localhost].[/] - Initializing Spring embedded WebApplicationContext
""2020-04-30 14-46-24 {restartedMain} %PARSER_ERROR[Level] o.s.s.c.ThreadPoolTaskExecutor - Initializing ExecutorService 'applicationTaskExecutor'
""2020-04-30 14-46-24 {restartedMain} %PARSER_ERROR[Level] o.s.b.d.a.OptionalLiveReloadServer - Unable to start LiveReload server
""2020-04-30 14-46-24 {restartedMain} %PARSER_ERROR[Level] o.s.b.a.e.web.EndpointLinksResolver - Exposing 2 endpoint(s) beneath base path '/actuator'
""2020-04-30 14-46-24 {restartedMain} %PARSER_ERROR[Level] o.a.catalina.core.StandardService - Stopping service [Tomcat]
""2020-04-30 14-46-24 {restartedMain} %PARSER_ERROR[Level] o.s.b.a.l.ConditionEvaluationReportLoggingListener - 

Error starting ApplicationContext. To display the conditions report re-run your application with 'debug' enabled.
""2020-04-30 14-46-24 {restartedMain} %PARSER_ERROR[Level] o.s.b.d.LoggingFailureAnalysisReporter - 

***************************
APPLICATION FAILED TO START
***************************

Description:

Web server failed to start. Port 8080 was already in use.

Action:

Identify and stop the process that's listening on port 8080 or configure this application to listen on another port.

""2020-04-30 14-46-24 {restartedMain} %PARSER_ERROR[Level] o.s.b.f.s.DisposableBeanAdapter - Invocation of destroy method failed on bean with name 'tomcatMetricsBinder': java.lang.NullPointerException
""2020-04-30 14-46-24 {restartedMain} %PARSER_ERROR[Level] o.s.s.c.ThreadPoolTaskExecutor - Shutting down ExecutorService 'applicationTaskExecutor'
""2020-04-30 14-47-18 {restartedMain} %PARSER_ERROR[Level] com.example.demo.DemoApplication - Starting DemoApplication on DESKTOP-0SKG4BP with PID 12008 (C:\Users\EBRU\Project\scheduler-example\target\classes started by EBRU in C:\Users\EBRU\Project\scheduler-example)
""2020-04-30 14-47-18 {restartedMain} %PARSER_ERROR[Level] com.example.demo.DemoApplication - No active profile set, falling back to default profiles: default
""2020-04-30 14-47-18 {restartedMain} %PARSER_ERROR[Level] o.s.b.d.e.DevToolsPropertyDefaultsPostProcessor - Devtools property defaults active! Set 'spring.devtools.add-properties' to 'false' to disable
""2020-04-30 14-47-18 {restartedMain} %PARSER_ERROR[Level] o.s.b.d.e.DevToolsPropertyDefaultsPostProcessor - For additional web related logging consider setting the 'logging.level.web' property to 'DEBUG'
""2020-04-30 14-47-20 {restartedMain} %PARSER_ERROR[Level] o.s.b.w.e.tomcat.TomcatWebServer - Tomcat initialized with port(s): 8080 (http)
""2020-04-30 14-47-20 {restartedMain} %PARSER_ERROR[Level] o.a.catalina.core.StandardService - Starting service [Tomcat]
""2020-04-30 14-47-20 {restartedMain} %PARSER_ERROR[Level] o.a.catalina.core.StandardEngine - Starting Servlet engine: [Apache Tomcat/9.0.33]
""2020-04-30 14-47-20 {restartedMain} %PARSER_ERROR[Level] o.a.c.c.C.[Tomcat].[localhost].[/] - Initializing Spring embedded WebApplicationContext
""2020-04-30 14-47-20 {restartedMain} %PARSER_ERROR[Level] o.s.s.c.ThreadPoolTaskExecutor - Initializing ExecutorService 'applicationTaskExecutor'
""2020-04-30 14-47-20 {restartedMain} %PARSER_ERROR[Level] o.s.b.d.a.OptionalLiveReloadServer - LiveReload server is running on port 35729
""2020-04-30 14-47-20 {restartedMain} %PARSER_ERROR[Level] o.s.b.a.e.web.EndpointLinksResolver - Exposing 2 endpoint(s) beneath base path '/actuator'
""2020-04-30 14-47-21 {restartedMain} %PARSER_ERROR[Level] o.s.b.w.e.tomcat.TomcatWebServer - Tomcat started on port(s): 8080 (http) with context path ''
""2020-04-30 14-47-21 {restartedMain} %PARSER_ERROR[Level] com.example.demo.DemoApplication - Started DemoApplication in 3.475 seconds (JVM running for 5.2)
""2020-04-30 14-47-22 {RMI TCP Connection(2)-192.168.1.103} %PARSER_ERROR[Level] o.a.c.c.C.[Tomcat].[localhost].[/] - Initializing Spring DispatcherServlet 'dispatcherServlet'
""2020-04-30 14-49-19 {restartedMain} %PARSER_ERROR[Level] com.example.demo.DemoApplication - Starting DemoApplication on DESKTOP-0SKG4BP with PID 12228 (C:\Users\EBRU\Project\scheduler-example\target\classes started by EBRU in C:\Users\EBRU\Project\scheduler-example)
""2020-04-30 14-49-19 {restartedMain} %PARSER_ERROR[Level] com.example.demo.DemoApplication - No active profile set, falling back to default profiles: default
""2020-04-30 14-49-19 {restartedMain} %PARSER_ERROR[Level] o.s.b.d.e.DevToolsPropertyDefaultsPostProcessor - Devtools property defaults active! Set 'spring.devtools.add-properties' to 'false' to disable
""2020-04-30 14-49-19 {restartedMain} %PARSER_ERROR[Level] o.s.b.d.e.DevToolsPropertyDefaultsPostProcessor - For additional web related logging consider setting the 'logging.level.web' property to 'DEBUG'
""2020-04-30 14-49-21 {restartedMain} %PARSER_ERROR[Level] o.s.b.w.e.tomcat.TomcatWebServer - Tomcat initialized with port(s): 8080 (http)
""2020-04-30 14-49-21 {restartedMain} %PARSER_ERROR[Level] o.a.catalina.core.StandardService - Starting service [Tomcat]
""2020-04-30 14-49-21 {restartedMain} %PARSER_ERROR[Level] o.a.catalina.core.StandardEngine - Starting Servlet engine: [Apache Tomcat/9.0.33]
""2020-04-30 14-49-21 {restartedMain} %PARSER_ERROR[Level] o.a.c.c.C.[Tomcat].[localhost].[/] - Initializing Spring embedded WebApplicationContext
""2020-04-30 14-49-22 {restartedMain} %PARSER_ERROR[Level] o.s.s.c.ThreadPoolTaskExecutor - Initializing ExecutorService 'applicationTaskExecutor'
""2020-04-30 14-49-22 {restartedMain} %PARSER_ERROR[Level] o.s.b.d.a.OptionalLiveReloadServer - LiveReload server is running on port 35729
""2020-04-30 14-49-22 {restartedMain} %PARSER_ERROR[Level] o.s.b.a.e.web.EndpointLinksResolver - Exposing 2 endpoint(s) beneath base path '/actuator'
""2020-04-30 14-49-22 {restartedMain} %PARSER_ERROR[Level] o.s.b.w.e.tomcat.TomcatWebServer - Tomcat started on port(s): 8080 (http) with context path ''
""2020-04-30 14-49-22 {restartedMain} %PARSER_ERROR[Level] com.example.demo.DemoApplication - Started DemoApplication in 4.154 seconds (JVM running for 5.876)
""2020-04-30 14-49-23 {RMI TCP Connection(4)-192.168.1.103} %PARSER_ERROR[Level] o.a.c.c.C.[Tomcat].[localhost].[/] - Initializing Spring DispatcherServlet 'dispatcherServlet'
""2020-04-30 15-46-44 {restartedMain} %PARSER_ERROR[Level] com.example.demo.DemoApplication - Starting DemoApplication on DESKTOP-0SKG4BP with PID 12384 (C:\Users\EBRU\Project\scheduler-example\target\classes started by EBRU in C:\Users\EBRU\Project\scheduler-example)
""2020-04-30 15-46-44 {restartedMain} %PARSER_ERROR[Level] com.example.demo.DemoApplication - No active profile set, falling back to default profiles: default
""2020-04-30 15-46-45 {restartedMain} %PARSER_ERROR[Level] o.s.b.d.e.DevToolsPropertyDefaultsPostProcessor - Devtools property defaults active! Set 'spring.devtools.add-properties' to 'false' to disable
""2020-04-30 15-46-45 {restartedMain} %PARSER_ERROR[Level] o.s.b.d.e.DevToolsPropertyDefaultsPostProcessor - For additional web related logging consider setting the 'logging.level.web' property to 'DEBUG'
""2020-04-30 15-46-47 {restartedMain} %PARSER_ERROR[Level] o.s.b.w.e.tomcat.TomcatWebServer - Tomcat initialized with port(s): 8080 (http)
""2020-04-30 15-46-47 {restartedMain} %PARSER_ERROR[Level] o.a.catalina.core.StandardService - Starting service [Tomcat]
""2020-04-30 15-46-47 {restartedMain} %PARSER_ERROR[Level] o.a.catalina.core.StandardEngine - Starting Servlet engine: [Apache Tomcat/9.0.33]
""2020-04-30 15-46-47 {restartedMain} %PARSER_ERROR[Level] o.a.c.c.C.[Tomcat].[localhost].[/] - Initializing Spring embedded WebApplicationContext
""2020-04-30 15-46-48 {restartedMain} %PARSER_ERROR[Level] o.s.s.c.ThreadPoolTaskExecutor - Initializing ExecutorService 'applicationTaskExecutor'
""2020-04-30 15-46-48 {restartedMain} %PARSER_ERROR[Level] o.s.s.c.ThreadPoolTaskScheduler - Initializing ExecutorService 'taskScheduler'
""2020-04-30 15-46-48 {restartedMain} %PARSER_ERROR[Level] o.s.b.d.a.OptionalLiveReloadServer - LiveReload server is running on port 35729
""2020-04-30 15-46-48 {restartedMain} %PARSER_ERROR[Level] o.s.b.a.e.web.EndpointLinksResolver - Exposing 2 endpoint(s) beneath base path '/actuator'
""2020-04-30 15-46-48 {scheduling-1} %PARSER_ERROR[Level] com.example.demo.ScheduledTasks - Fixed rate task: Execution time -15:46:48
""2020-04-30 15-46-48 {scheduling-1} %PARSER_ERROR[Level] com.example.demo.ScheduledTasks - Fixed Delay Task :: Execution Time - 15:46:48
""2020-04-30 15-46-49 {restartedMain} %PARSER_ERROR[Level] o.s.b.w.e.tomcat.TomcatWebServer - Tomcat started on port(s): 8080 (http) with context path ''
""2020-04-30 15-46-49 {restartedMain} %PARSER_ERROR[Level] com.example.demo.DemoApplication - Started DemoApplication in 4.672 seconds (JVM running for 6.676)
""2020-04-30 15-46-50 {RMI TCP Connection(3)-192.168.1.103} %PARSER_ERROR[Level] o.a.c.c.C.[Tomcat].[localhost].[/] - Initializing Spring DispatcherServlet 'dispatcherServlet'
""2020-04-30 15-46-53 {scheduling-1} %PARSER_ERROR[Level] com.example.demo.ScheduledTasks - Cron Task :: Execution Time - 15:46:53
""2020-04-30 15-46-53 {scheduling-1} %PARSER_ERROR[Level] com.example.demo.ScheduledTasks - Fixed rate task: Execution time -15:46:53
""2020-04-30 15-46-53 {scheduling-1} %PARSER_ERROR[Level] com.example.demo.ScheduledTasks - Fixed Rate Task with Initial Delay :: Execution Time - 15:46:53
""2020-04-30 15-46-54 {scheduling-1} %PARSER_ERROR[Level] com.example.demo.ScheduledTasks - Fixed rate task: Execution time -15:46:54
""2020-04-30 15-46-54 {scheduling-1} %PARSER_ERROR[Level] com.example.demo.ScheduledTasks - Fixed Rate Task with Initial Delay :: Execution Time - 15:46:54
""2020-04-30 15-46-55 {scheduling-1} %PARSER_ERROR[Level] com.example.demo.ScheduledTasks - Cron Task :: Execution Time - 15:46:55
""2020-04-30 15-46-55 {scheduling-1} %PARSER_ERROR[Level] com.example.demo.ScheduledTasks - Fixed Rate Task with Initial Delay :: Execution Time - 15:46:55
""2020-04-30 15-46-55 {scheduling-1} %PARSER_ERROR[Level] com.example.demo.ScheduledTasks - Fixed Delay Task :: Execution Time - 15:46:55
""2020-04-30 15-47-00 {scheduling-1} %PARSER_ERROR[Level] com.example.demo.ScheduledTasks - Fixed Rate Task with Initial Delay :: Execution Time - 15:47:00
""2020-04-30 15-47-00 {scheduling-1} %PARSER_ERROR[Level] com.example.demo.ScheduledTasks - Fixed rate task: Execution time -15:47:00
""2020-04-30 15-47-00 {scheduling-1} %PARSER_ERROR[Level] com.example.demo.ScheduledTasks - Fixed Rate Task with Initial Delay :: Execution Time - 15:47:00
""2020-04-30 15-47-00 {scheduling-1} %PARSER_ERROR[Level] com.example.demo.ScheduledTasks - Fixed Rate Task with Initial Delay :: Execution Time - 15:47:00
""2020-04-30 15-47-00 {scheduling-1} %PARSER_ERROR[Level] com.example.demo.ScheduledTasks - Fixed Rate Task with Initial Delay :: Execution Time - 15:47:00
""2020-04-30 15-47-00 {scheduling-1} %PARSER_ERROR[Level] com.example.demo.ScheduledTasks - Cron Task :: Execution Time - 15:47:00
""2020-04-30 15-47-00 {scheduling-1} %PARSER_ERROR[Level] com.example.demo.ScheduledTasks - Fixed rate task: Execution time -15:47:00
""2020-04-30 15-47-00 {scheduling-1} %PARSER_ERROR[Level] com.example.demo.ScheduledTasks - Fixed Rate Task with Initial Delay :: Execution Time - 15:47:00
""2020-04-30 15-47-01 {scheduling-1} %PARSER_ERROR[Level] com.example.demo.ScheduledTasks - Fixed Rate Task with Initial Delay :: Execution Time - 15:47:01
""2020-04-30 15-47-02 {scheduling-1} %PARSER_ERROR[Level] com.example.demo.ScheduledTasks - Fixed Rate Task with Initial Delay :: Execution Time - 15:47:02
""2020-04-30 15-47-02 {scheduling-1} %PARSER_ERROR[Level] com.example.demo.ScheduledTasks - Fixed Delay Task :: Execution Time - 15:47:02
"